c:\users\asus\source\repos\realtımecontroller\realtımecontroller\debug\vc141.pdb
c:\users\asus\source\repos\realtımecontroller\realtımecontroller\debug\vc141.ıdb
c:\users\asus\source\repos\realtımecontroller\realtımecontroller\debug\realtımecontroller.obj
c:\users\asus\source\repos\realtımecontroller\realtımecontroller\debug\maın.obj
c:\users\asus\source\repos\realtımecontroller\realtımecontroller\debug\testsımulator.obj
c:\users\asus\source\repos\realtımecontroller\realtımecontroller\debug\pressurecontrol.obj
c:\users\asus\source\repos\realtımecontroller\realtımecontroller\debug\temperaturecontrol.obj
c:\users\asus\source\repos\realtımecontroller\realtımecontroller\debug\operatorconsole.obj
c:\users\asus\source\repos\realtımecontroller\debug\realtımecontroller.exe
c:\users\asus\source\repos\realtımecontroller\debug\realtımecontroller.ılk
c:\users\asus\source\repos\realtımecontroller\debug\realtımecontroller.pdb
c:\users\asus\source\repos\realtımecontroller\realtımecontroller\debug\realtımecontroller.res
c:\users\asus\source\repos\realtimecontroller\realtimecontroller\debug\main.obj
c:\users\asus\source\repos\realtimecontroller\realtimecontroller\debug\operatorconsole.obj
c:\users\asus\source\repos\realtimecontroller\realtimecontroller\debug\pressurecontrol.obj
c:\users\asus\source\repos\realtimecontroller\realtimecontroller\debug\realtimecontroller.obj
c:\users\asus\source\repos\realtimecontroller\realtimecontroller\debug\temperaturecontrol.obj
c:\users\asus\source\repos\realtimecontroller\realtimecontroller\debug\testsimulator.obj
c:\users\asus\source\repos\realtimecontroller\realtimecontroller\debug\realtimecontroller.res
c:\users\asus\source\repos\realtimecontroller\realtimecontroller\debug\vc141.idb
c:\users\asus\source\repos\realtimecontroller\realtimecontroller\debug\vc141.pdb
c:\users\asus\source\repos\realtimecontroller\debug\realtimecontroller.pdb
c:\users\asus\source\repos\realtimecontroller\debug\realtimecontroller.exe
c:\users\asus\source\repos\realtimecontroller\debug\realtimecontroller.ilk
c:\users\asus\source\repos\realtimecontroller\realtimecontroller\debug\realtime.65eda4db.tlog\cl.command.1.tlog
c:\users\asus\source\repos\realtimecontroller\realtimecontroller\debug\realtime.65eda4db.tlog\cl.read.1.tlog
c:\users\asus\source\repos\realtimecontroller\realtimecontroller\debug\realtime.65eda4db.tlog\cl.write.1.tlog
c:\users\asus\source\repos\realtimecontroller\realtimecontroller\debug\realtime.65eda4db.tlog\link.command.1.tlog
c:\users\asus\source\repos\realtimecontroller\realtimecontroller\debug\realtime.65eda4db.tlog\link.read.1.tlog
c:\users\asus\source\repos\realtimecontroller\realtimecontroller\debug\realtime.65eda4db.tlog\link.write.1.tlog
c:\users\asus\source\repos\realtimecontroller\realtimecontroller\debug\realtime.65eda4db.tlog\rc.command.1.tlog
c:\users\asus\source\repos\realtimecontroller\realtimecontroller\debug\realtime.65eda4db.tlog\rc.read.1.tlog
c:\users\asus\source\repos\realtimecontroller\realtimecontroller\debug\realtime.65eda4db.tlog\rc.write.1.tlog
